<?xml version="1.0" encoding="UTF-8"?>
<!-- Generated by org.testng.reporters.JUnitReportReporter -->
<testsuite hostname="wishponds-MacBook-Pro.local" failures="0" tests="1" name="com.learnautomation.testcases.LoginTest" time="1.857" errors="0" timestamp="2023-06-24T16:07:49 IST" skipped="0">
  <testcase classname="com.learnautomation.testcases.LoginTest" name="loginToApp" time="1.857"/>
  <system-out/>
</testsuite> <!-- com.learnautomation.testcases.LoginTest -->
